0 info it worked if it ends with ok
1 verbose cli [ 'node', '/usr/local/bin/npm', 'publish', './' ]
2 info using npm@2.7.5
3 info using node@v0.12.2
4 verbose node symlink /usr/local/bin/node
5 verbose publish [ './' ]
6 silly cache add args [ './', null ]
7 verbose cache add spec ./
8 silly cache add parsed spec { raw: './',
8 silly cache add   scope: null,
8 silly cache add   name: null,
8 silly cache add   rawSpec: './',
8 silly cache add   spec: '/Users/admin/Projects/Node/ironforger',
8 silly cache add   type: 'directory' }
9 verbose addLocalDirectory /Users/admin/.npm/ironforger/0.1.0/package.tgz not in flight; packing
10 verbose tar pack [ '/Users/admin/.npm/ironforger/0.1.0/package.tgz',
10 verbose tar pack   '/Users/admin/Projects/Node/ironforger' ]
11 verbose tarball /Users/admin/.npm/ironforger/0.1.0/package.tgz
12 verbose folder /Users/admin/Projects/Node/ironforger
13 info prepublish ironforger@0.1.0
14 verbose addLocalTarball adding from inside cache /Users/admin/.npm/ironforger/0.1.0/package.tgz
15 silly cache afterAdd ironforger@0.1.0
16 verbose afterAdd /Users/admin/.npm/ironforger/0.1.0/package/package.json not in flight; writing
17 verbose afterAdd /Users/admin/.npm/ironforger/0.1.0/package/package.json written
18 silly publish { name: 'ironforger',
18 silly publish   version: '0.1.0',
18 silly publish   description: 'Simple boilerplate app.',
18 silly publish   main: 'index.js',
18 silly publish   scripts: {},
18 silly publish   keywords: [ 'boilerplate', 'template', 'templating', 'templates' ],
18 silly publish   repository:
18 silly publish    { type: 'git',
18 silly publish      url: 'https://github.com/esayemm/ironforger.git' },
18 silly publish   preferGlobal: 'true',
18 silly publish   bin: { ironforger: 'index.js' },
18 silly publish   author:
18 silly publish    { name: 'Sam Lau',
18 silly publish      email: 'sam.suifai.lau@gmail.com',
18 silly publish      url: 'http://esayemm.github.io/' },
18 silly publish   license: 'ISC',
18 silly publish   homepage: 'https://github.com/esayemm/ironforger',
18 silly publish   dependencies:
18 silly publish    { debug: '^2.2.0',
18 silly publish      'fs-extra': '^0.18.4',
18 silly publish      inquirer: '^0.8.5',
18 silly publish      yargs: '^3.9.1' },
18 silly publish   readme: '### Ironforger\nSimple boilerplate npm global module.\n',
18 silly publish   readmeFilename: 'README.md',
18 silly publish   gitHead: '4ba0f4bbabb19c5fd396a56690c2d87bcdaeba16',
18 silly publish   bugs: { url: 'https://github.com/esayemm/ironforger/issues' },
18 silly publish   _id: 'ironforger@0.1.0',
18 silly publish   _shasum: '0ca4afd056003f6ce08931fa29fca59dc387c12b',
18 silly publish   _from: '.' }
19 silly mapToRegistry name ironforger
20 silly mapToRegistry using default registry
21 silly mapToRegistry registry https://registry.npmjs.org/
22 silly mapToRegistry uri https://registry.npmjs.org/ironforger
23 verbose publish registryBase https://registry.npmjs.org/
24 silly publish uploading /Users/admin/.npm/ironforger/0.1.0/package.tgz
25 verbose request uri https://registry.npmjs.org/ironforger
26 verbose request sending authorization for write operation
27 info attempt registry request try #1 at 05:02:25
28 verbose request id c47564405993d1fa
29 http request PUT https://registry.npmjs.org/ironforger
30 http 403 https://registry.npmjs.org/ironforger
31 verbose headers { 'content-type': 'application/json',
31 verbose headers   'cache-control': 'max-age=60',
31 verbose headers   'content-length': '95',
31 verbose headers   'accept-ranges': 'bytes',
31 verbose headers   date: 'Sat, 23 May 2015 12:02:25 GMT',
31 verbose headers   via: '1.1 varnish',
31 verbose headers   connection: 'keep-alive',
31 verbose headers   'x-served-by': 'cache-sjc3132-SJC',
31 verbose headers   'x-cache': 'MISS',
31 verbose headers   'x-cache-hits': '0',
31 verbose headers   'x-timer': 'S1432382545.674170,VS0,VE158' }
32 verbose request invalidating /Users/admin/.npm/registry.npmjs.org/ironforger on PUT
33 error publish Failed PUT 403
34 verbose stack Error: "You cannot publish over the previously published version 0.1.0." : ironforger
34 verbose stack     at CachingRegistryClient.<anonymous> (/usr/local/lib/node_modules/npm/node_modules/npm-registry-client/lib/request.js:247:14)
34 verbose stack     at Request._callback (/usr/local/lib/node_modules/npm/node_modules/npm-registry-client/lib/request.js:170:14)
34 verbose stack     at Request.self.callback (/usr/local/lib/node_modules/npm/node_modules/request/request.js:360:22)
34 verbose stack     at Request.emit (events.js:110:17)
34 verbose stack     at Request.<anonymous> (/usr/local/lib/node_modules/npm/node_modules/request/request.js:1202:14)
34 verbose stack     at Request.emit (events.js:129:20)
34 verbose stack     at IncomingMessage.<anonymous> (/usr/local/lib/node_modules/npm/node_modules/request/request.js:1150:12)
34 verbose stack     at IncomingMessage.emit (events.js:129:20)
34 verbose stack     at _stream_readable.js:908:16
34 verbose stack     at process._tickCallback (node.js:355:11)
35 verbose statusCode 403
36 verbose pkgid ironforger
37 verbose cwd /Users/admin/Projects/Node/ironforger
38 error Darwin 14.1.0
39 error argv "node" "/usr/local/bin/npm" "publish" "./"
40 error node v0.12.2
41 error npm  v2.7.5
42 error code E403
43 error "You cannot publish over the previously published version 0.1.0." : ironforger
44 error If you need help, you may report this error at:
44 error     <https://github.com/npm/npm/issues>
45 verbose exit [ 1, true ]
